<?xml version="1.0" encoding="UTF-8"?>
<testsuite name="util.math.unittest.GreatestCommonDivisorTest" time="0.671" tests="24" errors="0" skipped="0" failures="0">
  <properties>
    <property name="java.runtime.name" value="OpenJDK Runtime Environment"/>
    <property name="sun.boot.library.path" value="/usr/lib/jvm/java-8-openjdk-amd64/jre/lib/amd64"/>
    <property name="java.vm.version" value="25.222-b10"/>
    <property name="java.vm.vendor" value="Private Build"/>
    <property name="maven.multiModuleProjectDirectory" value="/home/luca/Escritorio/3ro/algorithm-design-exercises-set-2020/exercise-set-1/GreatestCommonDivisor"/>
    <property name="java.vendor.url" value="http://java.oracle.com/"/>
    <property name="path.separator" value=":"/>
    <property name="guice.disable.misplaced.annotation.check" value="true"/>
    <property name="java.vm.name" value="OpenJDK 64-Bit Server VM"/>
    <property name="file.encoding.pkg" value="sun.io"/>
    <property name="user.country" value="AR"/>
    <property name="sun.java.launcher" value="SUN_STANDARD"/>
    <property name="sun.os.patch.level" value="unknown"/>
    <property name="java.vm.specification.name" value="Java Virtual Machine Specification"/>
    <property name="user.dir" value="/home/luca/Escritorio/3ro/algorithm-design-exercises-set-2020/exercise-set-1/GreatestCommonDivisor"/>
    <property name="java.runtime.version" value="1.8.0_222-8u222-b10-1ubuntu1~16.04.1-b10"/>
    <property name="java.awt.graphicsenv" value="sun.awt.X11GraphicsEnvironment"/>
    <property name="java.endorsed.dirs" value="/usr/lib/jvm/java-8-openjdk-amd64/jre/lib/endorsed"/>
    <property name="os.arch" value="amd64"/>
    <property name="java.io.tmpdir" value="/tmp"/>
    <property name="line.separator" value="&#10;"/>
    <property name="java.vm.specification.vendor" value="Oracle Corporation"/>
    <property name="os.name" value="Linux"/>
    <property name="classworlds.conf" value="/usr/share/maven/bin/m2.conf"/>
    <property name="sun.jnu.encoding" value="UTF-8"/>
    <property name="java.library.path" value="/usr/java/packages/lib/amd64:/usr/lib/x86_64-linux-gnu/jni:/lib/x86_64-linux-gnu:/usr/lib/x86_64-linux-gnu:/usr/lib/jni:/lib:/usr/lib"/>
    <property name="java.specification.name" value="Java Platform API Specification"/>
    <property name="java.class.version" value="52.0"/>
    <property name="sun.management.compiler" value="HotSpot 64-Bit Tiered Compilers"/>
    <property name="os.version" value="4.10.0-38-generic"/>
    <property name="user.home" value="/home/luca"/>
    <property name="user.timezone" value="America/Argentina/Cordoba"/>
    <property name="java.awt.printerjob" value="sun.print.PSPrinterJob"/>
    <property name="file.encoding" value="UTF-8"/>
    <property name="java.specification.version" value="1.8"/>
    <property name="user.name" value="luca"/>
    <property name="java.class.path" value="/usr/share/maven/boot/plexus-classworlds-2.x.jar"/>
    <property name="java.vm.specification.version" value="1.8"/>
    <property name="sun.arch.data.model" value="64"/>
    <property name="java.home" value="/usr/lib/jvm/java-8-openjdk-amd64/jre"/>
    <property name="sun.java.command" value="org.codehaus.plexus.classworlds.launcher.Launcher install"/>
    <property name="java.specification.vendor" value="Oracle Corporation"/>
    <property name="user.language" value="es"/>
    <property name="awt.toolkit" value="sun.awt.X11.XToolkit"/>
    <property name="java.vm.info" value="mixed mode"/>
    <property name="java.version" value="1.8.0_222"/>
    <property name="java.ext.dirs" value="/usr/lib/jvm/java-8-openjdk-amd64/jre/lib/ext:/usr/java/packages/lib/ext"/>
    <property name="securerandom.source" value="file:/dev/./urandom"/>
    <property name="sun.boot.class.path" value="/usr/lib/jvm/java-8-openjdk-amd64/jre/lib/resources.jar:/usr/lib/jvm/java-8-openjdk-amd64/jre/lib/rt.jar:/usr/lib/jvm/java-8-openjdk-amd64/jre/lib/sunrsasign.jar:/usr/lib/jvm/java-8-openjdk-amd64/jre/lib/jsse.jar:/usr/lib/jvm/java-8-openjdk-amd64/jre/lib/jce.jar:/usr/lib/jvm/java-8-openjdk-amd64/jre/lib/charsets.jar:/usr/lib/jvm/java-8-openjdk-amd64/jre/lib/jfr.jar:/usr/lib/jvm/java-8-openjdk-amd64/jre/classes"/>
    <property name="java.vendor" value="Private Build"/>
    <property name="maven.home" value="/usr/share/maven"/>
    <property name="file.separator" value="/"/>
    <property name="java.vendor.url.bug" value="http://bugreport.sun.com/bugreport/"/>
    <property name="sun.cpu.endian" value="little"/>
    <property name="sun.io.unicode.encoding" value="UnicodeLittle"/>
    <property name="sun.desktop" value="gnome"/>
    <property name="sun.cpu.isalist" value=""/>
  </properties>
  <testcase name="testIllegalArgumentException[0]" classname="util.math.unittest.GreatestCommonDivisorTest" time="0.005"/>
  <testcase name="test[0]" classname="util.math.unittest.GreatestCommonDivisorTest" time="0"/>
  <testcase name="testIllegalArgumentException2[0]" classname="util.math.unittest.GreatestCommonDivisorTest" time="0"/>
  <testcase name="testIllegalArgumentException[1]" classname="util.math.unittest.GreatestCommonDivisorTest" time="0"/>
  <testcase name="test[1]" classname="util.math.unittest.GreatestCommonDivisorTest" time="0"/>
  <testcase name="testIllegalArgumentException2[1]" classname="util.math.unittest.GreatestCommonDivisorTest" time="0"/>
  <testcase name="testIllegalArgumentException[2]" classname="util.math.unittest.GreatestCommonDivisorTest" time="0"/>
  <testcase name="test[2]" classname="util.math.unittest.GreatestCommonDivisorTest" time="0"/>
  <testcase name="testIllegalArgumentException2[2]" classname="util.math.unittest.GreatestCommonDivisorTest" time="0"/>
  <testcase name="testIllegalArgumentException[3]" classname="util.math.unittest.GreatestCommonDivisorTest" time="0"/>
  <testcase name="test[3]" classname="util.math.unittest.GreatestCommonDivisorTest" time="0"/>
  <testcase name="testIllegalArgumentException2[3]" classname="util.math.unittest.GreatestCommonDivisorTest" time="0.001"/>
  <testcase name="testIllegalArgumentException[4]" classname="util.math.unittest.GreatestCommonDivisorTest" time="0"/>
  <testcase name="test[4]" classname="util.math.unittest.GreatestCommonDivisorTest" time="0"/>
  <testcase name="testIllegalArgumentException2[4]" classname="util.math.unittest.GreatestCommonDivisorTest" time="0.001"/>
  <testcase name="testIllegalArgumentException[5]" classname="util.math.unittest.GreatestCommonDivisorTest" time="0.001"/>
  <testcase name="test[5]" classname="util.math.unittest.GreatestCommonDivisorTest" time="0"/>
  <testcase name="testIllegalArgumentException2[5]" classname="util.math.unittest.GreatestCommonDivisorTest" time="0"/>
  <testcase name="testIllegalArgumentException[6]" classname="util.math.unittest.GreatestCommonDivisorTest" time="0"/>
  <testcase name="test[6]" classname="util.math.unittest.GreatestCommonDivisorTest" time="0"/>
  <testcase name="testIllegalArgumentException2[6]" classname="util.math.unittest.GreatestCommonDivisorTest" time="0"/>
  <testcase name="testIllegalArgumentException[7]" classname="util.math.unittest.GreatestCommonDivisorTest" time="0"/>
  <testcase name="test[7]" classname="util.math.unittest.GreatestCommonDivisorTest" time="0.663"/>
  <testcase name="testIllegalArgumentException2[7]" classname="util.math.unittest.GreatestCommonDivisorTest" time="0"/>
</testsuite>